<?xml version="1.0" encoding="UTF-8"?>
<testng-results ignored="0" total="6" passed="5" failed="1" skipped="0">
  <reporter-output>
  </reporter-output>
  <suite started-at="2020-10-30T23:39:23 IST" name="Suite" finished-at="2020-10-30T23:39:31 IST" duration-ms="8084">
    <groups>
    </groups>
    <test started-at="2020-10-30T23:39:23 IST" name="Test" finished-at="2020-10-30T23:39:31 IST" duration-ms="8084">
      <class name="com.qa.tests.Regression">
        <test-method is-config="true" signature="setup()[pri:0, instance:com.qa.tests.Regression@71ba6d4e]" started-at="2020-10-30T23:39:27 IST" name="setup" finished-at="2020-10-30T23:39:31 IST" duration-ms="3838" status="PASS">
          <reporter-output>
          </reporter-output>
        </test-method> <!-- setup -->
        <test-method is-config="true" signature="setup()[pri:0, instance:com.qa.tests.Regression@71ba6d4e]" started-at="2020-10-30T23:39:27 IST" name="setup" finished-at="2020-10-30T23:39:31 IST" duration-ms="3624" status="PASS">
          <reporter-output>
          </reporter-output>
        </test-method> <!-- setup -->
        <test-method is-config="true" signature="setup()[pri:0, instance:com.qa.tests.Regression@71ba6d4e]" started-at="2020-10-30T23:39:27 IST" name="setup" finished-at="2020-10-30T23:39:30 IST" duration-ms="2848" status="PASS">
          <reporter-output>
          </reporter-output>
        </test-method> <!-- setup -->
        <test-method signature="test6()[pri:0, instance:com.qa.tests.Regression@71ba6d4e]" started-at="2020-10-30T23:39:30 IST" name="test6" finished-at="2020-10-30T23:39:30 IST" duration-ms="2" status="PASS">
          <reporter-output>
          </reporter-output>
        </test-method> <!-- test6 -->
        <test-method is-config="true" signature="clean()[pri:0, instance:com.qa.tests.Regression@71ba6d4e]" started-at="2020-10-30T23:39:30 IST" name="clean" finished-at="2020-10-30T23:39:30 IST" duration-ms="85" status="PASS">
          <reporter-output>
          </reporter-output>
        </test-method> <!-- clean -->
        <test-method signature="test5()[pri:0, instance:com.qa.tests.Regression@71ba6d4e]" started-at="2020-10-30T23:39:31 IST" name="test5" finished-at="2020-10-30T23:39:31 IST" duration-ms="3" status="FAIL">
          <exception class="java.lang.AssertionError">
            <message>
              <![CDATA[expected [true] but found [false]]]>
            </message>
            <full-stacktrace>
              <![CDATA[java.lang.AssertionError: expected [true] but found [false]
at org.testng.Assert.fail(Assert.java:99)
at org.testng.Assert.failNotEquals(Assert.java:1037)
at org.testng.Assert.assertTrue(Assert.java:45)
at org.testng.Assert.assertTrue(Assert.java:55)
at com.qa.tests.Regression.test5(Regression.java:17)
at java.base/jdk.internal.reflect.NativeMethodAccessorImpl.invoke0(Native Method)
at java.base/jdk.internal.reflect.NativeMethodAccessorImpl.invoke(NativeMethodAccessorImpl.java:64)
at java.base/jdk.internal.reflect.DelegatingMethodAccessorImpl.invoke(DelegatingMethodAccessorImpl.java:43)
at java.base/java.lang.reflect.Method.invoke(Method.java:564)
at org.testng.internal.MethodInvocationHelper.invokeMethod(MethodInvocationHelper.java:132)
at org.testng.internal.TestInvoker.invokeMethod(TestInvoker.java:599)
at org.testng.internal.TestInvoker.invokeTestMethod(TestInvoker.java:174)
at org.testng.internal.MethodRunner.runInSequence(MethodRunner.java:46)
at org.testng.internal.TestInvoker$MethodInvocationAgent.invoke(TestInvoker.java:822)
at org.testng.internal.TestInvoker.invokeTestMethods(TestInvoker.java:147)
at org.testng.internal.TestMethodWorker.invokeTestMethods(TestMethodWorker.java:146)
at org.testng.internal.TestMethodWorker.run(TestMethodWorker.java:128)
at java.base/java.util.concurrent.ThreadPoolExecutor.runWorker(ThreadPoolExecutor.java:1130)
at java.base/java.util.concurrent.ThreadPoolExecutor$Worker.run(ThreadPoolExecutor.java:630)
at java.base/java.lang.Thread.run(Thread.java:832)
]]>
            </full-stacktrace>
          </exception> <!-- java.lang.AssertionError -->
          <reporter-output>
          </reporter-output>
        </test-method> <!-- test5 -->
        <test-method signature="test4()[pri:0, instance:com.qa.tests.Regression@71ba6d4e]" started-at="2020-10-30T23:39:31 IST" name="test4" finished-at="2020-10-30T23:39:31 IST" duration-ms="3" status="PASS">
          <reporter-output>
          </reporter-output>
        </test-method> <!-- test4 -->
        <test-method is-config="true" signature="clean()[pri:0, instance:com.qa.tests.Regression@71ba6d4e]" started-at="2020-10-30T23:39:31 IST" name="clean" finished-at="2020-10-30T23:39:31 IST" duration-ms="130" status="PASS">
          <reporter-output>
          </reporter-output>
        </test-method> <!-- clean -->
        <test-method is-config="true" signature="clean()[pri:0, instance:com.qa.tests.Regression@71ba6d4e]" started-at="2020-10-30T23:39:31 IST" name="clean" finished-at="2020-10-30T23:39:31 IST" duration-ms="130" status="PASS">
          <reporter-output>
          </reporter-output>
        </test-method> <!-- clean -->
      </class> <!-- com.qa.tests.Regression -->
      <class name="com.qa.tests.BasicTest">
        <test-method is-config="true" signature="setup()[pri:0, instance:com.qa.tests.BasicTest@55a147cc]" started-at="2020-10-30T23:39:23 IST" name="setup" finished-at="2020-10-30T23:39:27 IST" duration-ms="4241" status="PASS">
          <reporter-output>
          </reporter-output>
        </test-method> <!-- setup -->
        <test-method is-config="true" signature="setup()[pri:0, instance:com.qa.tests.BasicTest@55a147cc]" started-at="2020-10-30T23:39:23 IST" name="setup" finished-at="2020-10-30T23:39:27 IST" duration-ms="4205" status="PASS">
          <reporter-output>
          </reporter-output>
        </test-method> <!-- setup -->
        <test-method is-config="true" signature="setup()[pri:0, instance:com.qa.tests.BasicTest@55a147cc]" started-at="2020-10-30T23:39:23 IST" name="setup" finished-at="2020-10-30T23:39:27 IST" duration-ms="3959" status="PASS">
          <reporter-output>
          </reporter-output>
        </test-method> <!-- setup -->
        <test-method signature="test3()[pri:0, instance:com.qa.tests.BasicTest@55a147cc]" started-at="2020-10-30T23:39:27 IST" name="test3" finished-at="2020-10-30T23:39:27 IST" duration-ms="31" status="PASS">
          <reporter-output>
          </reporter-output>
        </test-method> <!-- test3 -->
        <test-method is-config="true" signature="clean()[pri:0, instance:com.qa.tests.BasicTest@55a147cc]" started-at="2020-10-30T23:39:27 IST" name="clean" finished-at="2020-10-30T23:39:27 IST" duration-ms="80" status="PASS">
          <reporter-output>
          </reporter-output>
        </test-method> <!-- clean -->
        <test-method signature="test1()[pri:0, instance:com.qa.tests.BasicTest@55a147cc]" started-at="2020-10-30T23:39:27 IST" name="test1" finished-at="2020-10-30T23:39:27 IST" duration-ms="3" status="PASS">
          <reporter-output>
          </reporter-output>
        </test-method> <!-- test1 -->
        <test-method is-config="true" signature="clean()[pri:0, instance:com.qa.tests.BasicTest@55a147cc]" started-at="2020-10-30T23:39:27 IST" name="clean" finished-at="2020-10-30T23:39:27 IST" duration-ms="77" status="PASS">
          <reporter-output>
          </reporter-output>
        </test-method> <!-- clean -->
        <test-method signature="test2()[pri:0, instance:com.qa.tests.BasicTest@55a147cc]" started-at="2020-10-30T23:39:27 IST" name="test2" finished-at="2020-10-30T23:39:27 IST" duration-ms="2" status="PASS">
          <reporter-output>
          </reporter-output>
        </test-method> <!-- test2 -->
        <test-method is-config="true" signature="clean()[pri:0, instance:com.qa.tests.BasicTest@55a147cc]" started-at="2020-10-30T23:39:27 IST" name="clean" finished-at="2020-10-30T23:39:27 IST" duration-ms="75" status="PASS">
          <reporter-output>
          </reporter-output>
        </test-method> <!-- clean -->
      </class> <!-- com.qa.tests.BasicTest -->
    </test> <!-- Test -->
  </suite> <!-- Suite -->
</testng-results>
