<?xml version="1.0" encoding="UTF-8"?>
<!-- Generated by org.testng.reporters.JUnitXMLReporter -->
<testsuite ignored="0" hostname="DESKTOP-6VKSR66" failures="1" tests="6" name="Test" time="8.084" errors="0" timestamp="2020-10-30T23:39:31 IST">
  <testcase classname="com.qa.tests.BasicTest" name="test3" time="0.031"/>
  <testcase classname="com.qa.tests.BasicTest" name="test1" time="0.003"/>
  <testcase classname="com.qa.tests.BasicTest" name="test2" time="0.002"/>
  <testcase classname="com.qa.tests.Regression" name="test6" time="0.002"/>
  <testcase classname="com.qa.tests.Regression" name="test5" time="0.003">
    <failure type="java.lang.AssertionError" message="expected [true] but found [false]">
      <![CDATA[java.lang.AssertionError: expected [true] but found [false]
at com.qa.tests.Regression.test5(Regression.java:17)
at java.base/java.util.concurrent.ThreadPoolExecutor.runWorker(ThreadPoolExecutor.java:1130)
at java.base/java.util.concurrent.ThreadPoolExecutor$Worker.run(ThreadPoolExecutor.java:630)
at java.base/java.lang.Thread.run(Thread.java:832)
... Removed 16 stack frames]]>
    </failure>
  </testcase> <!-- test5 -->
  <testcase classname="com.qa.tests.Regression" name="test4" time="0.003"/>
</testsuite> <!-- Test -->
